<?xml version="1.0" encoding="UTF-8"?>
<coverage generated="1686429397">
  <project timestamp="1686429397">
    <file name="C:\Users\purch\Documents\Projects\Github\indic-amigo-akademi\krishi-mitra\app\Console\Kernel.php">
      <class name="App\Console\Kernel" namespace="global">
        <metrics complexity="2" methods="1" coveredmethods="1" conditionals="0" coveredconditionals="0" statements="2" coveredstatements="2" elements="3" coveredelements="3"/>
      </class>
      <line num="35" type="method" name="commands" visibility="protected" complexity="1" crap="1" count="150"/>
      <line num="37" type="stmt" count="150"/>
      <line num="39" type="stmt" count="150"/>
      <metrics loc="42" ncloc="25" classes="1" methods="1" coveredmethods="1" conditionals="0" coveredconditionals="0" statements="2" coveredstatements="2" elements="3" coveredelements="3"/>
    </file>
    <file name="C:\Users\purch\Documents\Projects\Github\indic-amigo-akademi\krishi-mitra\app\Exceptions\Handler.php">
      <class name="App\Exceptions\Handler" namespace="global">
        <metrics complexity="2" methods="2" coveredmethods="2" conditionals="0" coveredconditionals="0" statements="2" coveredstatements="2" elements="4" coveredelements="4"/>
      </class>
      <line num="37" type="method" name="report" visibility="public" complexity="1" crap="1" count="32"/>
      <line num="39" type="stmt" count="32"/>
      <line num="51" type="method" name="render" visibility="public" complexity="1" crap="1" count="32"/>
      <line num="53" type="stmt" count="32"/>
      <metrics loc="56" ncloc="29" classes="1" methods="2" coveredmethods="2" conditionals="0" coveredconditionals="0" statements="2" coveredstatements="2" elements="4" coveredelements="4"/>
    </file>
    <file name="C:\Users\purch\Documents\Projects\Github\indic-amigo-akademi\krishi-mitra\app\Helpers\Notiflix.php">
      <class name="App\Helpers\Notiflix" namespace="global">
        <metrics complexity="6" methods="1" coveredmethods="0" conditionals="0" coveredconditionals="0" statements="12" coveredstatements="10" elements="13" coveredelements="10"/>
      </class>
      <line num="7" type="method" name="make" visibility="public" complexity="6" crap="6.17" count="8"/>
      <line num="14" type="stmt" count="8"/>
      <line num="15" type="stmt" count="0"/>
      <line num="17" type="stmt" count="8"/>
      <line num="18" type="stmt" count="2"/>
      <line num="20" type="stmt" count="8"/>
      <line num="21" type="stmt" count="0"/>
      <line num="23" type="stmt" count="8"/>
      <line num="24" type="stmt" count="2"/>
      <line num="26" type="stmt" count="8"/>
      <line num="27" type="stmt" count="8"/>
      <line num="29" type="stmt" count="8"/>
      <line num="30" type="stmt" count="8"/>
      <metrics loc="35" ncloc="35" classes="1" methods="1" coveredmethods="0" conditionals="0" coveredconditionals="0" statements="12" coveredstatements="10" elements="13" coveredelements="10"/>
    </file>
    <file name="C:\Users\purch\Documents\Projects\Github\indic-amigo-akademi\krishi-mitra\app\Http\Controllers\AddressController.php">
      <class name="App\Http\Controllers\AddressController" namespace="global">
        <metrics complexity="13" methods="7" coveredmethods="7" conditionals="0" coveredconditionals="0" statements="68" coveredstatements="68" elements="75" coveredelements="75"/>
      </class>
      <line num="21" type="method" name="__construct" visibility="public" complexity="1" crap="1" count="51"/>
      <line num="23" type="stmt" count="51"/>
      <line num="32" type="method" name="validator" visibility="protected" complexity="1" crap="1" count="44"/>
      <line num="34" type="stmt" count="44"/>
      <line num="79" type="stmt" count="44"/>
      <line num="84" type="stmt" count="44"/>
      <line num="92" type="method" name="view" visibility="public" complexity="1" crap="1" count="1"/>
      <line num="94" type="stmt" count="1"/>
      <line num="95" type="stmt" count="1"/>
      <line num="97" type="stmt" count="1"/>
      <line num="106" type="method" name="update_delete" visibility="public" complexity="4" crap="4" count="4"/>
      <line num="108" type="stmt" count="4"/>
      <line num="109" type="stmt" count="4"/>
      <line num="111" type="stmt" count="4"/>
      <line num="112" type="stmt" count="4"/>
      <line num="113" type="stmt" count="1"/>
      <line num="116" type="stmt" count="3"/>
      <line num="118" type="stmt" count="1"/>
      <line num="119" type="stmt" count="2"/>
      <line num="120" type="stmt" count="1"/>
      <line num="121" type="stmt" count="1"/>
      <line num="122" type="stmt" count="1"/>
      <line num="123" type="stmt" count="1"/>
      <line num="125" type="stmt" count="1"/>
      <line num="133" type="stmt" count="1"/>
      <line num="142" type="method" name="add" visibility="public" complexity="1" crap="1" count="1"/>
      <line num="144" type="stmt" count="1"/>
      <line num="153" type="method" name="create" visibility="public" complexity="2" crap="2" count="22"/>
      <line num="156" type="stmt" count="22"/>
      <line num="158" type="stmt" count="22"/>
      <line num="159" type="stmt" count="22"/>
      <line num="160" type="stmt" count="19"/>
      <line num="161" type="stmt" count="19"/>
      <line num="162" type="stmt" count="19"/>
      <line num="163" type="stmt" count="19"/>
      <line num="166" type="stmt" count="3"/>
      <line num="167" type="stmt" count="3"/>
      <line num="168" type="stmt" count="3"/>
      <line num="169" type="stmt" count="3"/>
      <line num="170" type="stmt" count="3"/>
      <line num="171" type="stmt" count="3"/>
      <line num="172" type="stmt" count="3"/>
      <line num="173" type="stmt" count="3"/>
      <line num="174" type="stmt" count="3"/>
      <line num="175" type="stmt" count="3"/>
      <line num="176" type="stmt" count="3"/>
      <line num="180" type="stmt" count="3"/>
      <line num="181" type="stmt" count="3"/>
      <line num="183" type="stmt" count="3"/>
      <line num="198" type="method" name="edit" visibility="public" complexity="3" crap="3" count="22"/>
      <line num="201" type="stmt" count="22"/>
      <line num="203" type="stmt" count="22"/>
      <line num="204" type="stmt" count="22"/>
      <line num="205" type="stmt" count="19"/>
      <line num="206" type="stmt" count="19"/>
      <line num="207" type="stmt" count="19"/>
      <line num="208" type="stmt" count="19"/>
      <line num="211" type="stmt" count="3"/>
      <line num="212" type="stmt" count="3"/>
      <line num="213" type="stmt" count="3"/>
      <line num="215" type="stmt" count="3"/>
      <line num="216" type="stmt" count="1"/>
      <line num="219" type="stmt" count="2"/>
      <line num="220" type="stmt" count="2"/>
      <line num="221" type="stmt" count="2"/>
      <line num="222" type="stmt" count="2"/>
      <line num="223" type="stmt" count="2"/>
      <line num="224" type="stmt" count="2"/>
      <line num="225" type="stmt" count="2"/>
      <line num="226" type="stmt" count="2"/>
      <line num="227" type="stmt" count="2"/>
      <line num="228" type="stmt" count="2"/>
      <line num="229" type="stmt" count="2"/>
      <line num="230" type="stmt" count="2"/>
      <line num="232" type="stmt" count="2"/>
      <metrics loc="241" ncloc="196" classes="1" methods="7" coveredmethods="7" conditionals="0" coveredconditionals="0" statements="68" coveredstatements="68" elements="75" coveredelements="75"/>
    </file>
    <file name="C:\Users\purch\Documents\Projects\Github\indic-amigo-akademi\krishi-mitra\app\Http\Controllers\AdminController.php">
      <class name="App\Http\Controllers\AdminController" namespace="global">
        <metrics complexity="26" methods="9" coveredmethods="5" conditionals="0" coveredconditionals="0" statements="92" coveredstatements="33" elements="101" coveredelements="38"/>
      </class>
      <line num="23" type="method" name="__construct" visibility="public" complexity="1" crap="1" count="6"/>
      <line num="25" type="stmt" count="6"/>
      <line num="28" type="method" name="index" visibility="public" complexity="1" crap="1" count="1"/>
      <line num="30" type="stmt" count="1"/>
      <line num="33" type="method" name="register_view" visibility="public" complexity="5" crap="5.76" count="1"/>
      <line num="35" type="stmt" count="1"/>
      <line num="36" type="stmt" count="1"/>
      <line num="37" type="stmt" count="1"/>
      <line num="38" type="stmt" count="1"/>
      <line num="40" type="stmt" count="1"/>
      <line num="44" type="stmt" count="1"/>
      <line num="49" type="stmt" count="1"/>
      <line num="50" type="stmt" count="1"/>
      <line num="51" type="stmt" count="1"/>
      <line num="52" type="stmt" count="1"/>
      <line num="53" type="stmt" count="0"/>
      <line num="54" type="stmt" count="0"/>
      <line num="55" type="stmt" count="0"/>
      <line num="57" type="stmt" count="0"/>
      <line num="63" type="stmt" count="0"/>
      <line num="68" type="stmt" count="1"/>
      <line num="71" type="method" name="register" visibility="public" complexity="5" crap="30" count="0"/>
      <line num="73" type="stmt" count="0"/>
      <line num="74" type="stmt" count="0"/>
      <line num="75" type="stmt" count="0"/>
      <line num="78" type="stmt" count="0"/>
      <line num="80" type="stmt" count="0"/>
      <line num="81" type="stmt" count="0"/>
      <line num="83" type="stmt" count="0"/>
      <line num="84" type="stmt" count="0"/>
      <line num="87" type="stmt" count="0"/>
      <line num="88" type="stmt" count="0"/>
      <line num="89" type="stmt" count="0"/>
      <line num="91" type="stmt" count="0"/>
      <line num="101" type="stmt" count="0"/>
      <line num="102" type="stmt" count="0"/>
      <line num="103" type="stmt" count="0"/>
      <line num="105" type="stmt" count="0"/>
      <line num="114" type="method" name="approval_view" visibility="public" complexity="1" crap="1" count="1"/>
      <line num="116" type="stmt" count="1"/>
      <line num="117" type="stmt" count="1"/>
      <line num="118" type="stmt" count="1"/>
      <line num="120" type="stmt" count="1"/>
      <line num="124" type="method" name="product_browse" visibility="public" complexity="1" crap="1" count="1"/>
      <line num="126" type="stmt" count="1"/>
      <line num="127" type="stmt" count="1"/>
      <line num="128" type="stmt" count="1"/>
      <line num="129" type="stmt" count="1"/>
      <line num="130" type="stmt" count="1"/>
      <line num="133" type="method" name="admin_browse_view" visibility="public" complexity="2" crap="2" count="1"/>
      <line num="135" type="stmt" count="1"/>
      <line num="136" type="stmt" count="1"/>
      <line num="138" type="stmt" count="1"/>
      <line num="139" type="stmt" count="1"/>
      <line num="142" type="method" name="admin_browse" visibility="public" complexity="2" crap="2.29" count="1"/>
      <line num="144" type="stmt" count="1"/>
      <line num="145" type="stmt" count="0"/>
      <line num="147" type="stmt" count="1"/>
      <line num="149" type="stmt" count="1"/>
      <line num="150" type="stmt" count="1"/>
      <line num="151" type="stmt" count="1"/>
      <line num="153" type="stmt" count="1"/>
      <line num="154" type="stmt" count="1"/>
      <line num="155" type="stmt" count="0"/>
      <line num="156" type="stmt" count="0"/>
      <line num="157" type="stmt" count="0"/>
      <line num="159" type="stmt" count="0"/>
      <line num="168" type="method" name="approval" visibility="public" complexity="8" crap="72" count="0"/>
      <line num="170" type="stmt" count="0"/>
      <line num="171" type="stmt" count="0"/>
      <line num="172" type="stmt" count="0"/>
      <line num="173" type="stmt" count="0"/>
      <line num="174" type="stmt" count="0"/>
      <line num="175" type="stmt" count="0"/>
      <line num="176" type="stmt" count="0"/>
      <line num="177" type="stmt" count="0"/>
      <line num="178" type="stmt" count="0"/>
      <line num="179" type="stmt" count="0"/>
      <line num="180" type="stmt" count="0"/>
      <line num="181" type="stmt" count="0"/>
      <line num="182" type="stmt" count="0"/>
      <line num="183" type="stmt" count="0"/>
      <line num="185" type="stmt" count="0"/>
      <line num="186" type="stmt" count="0"/>
      <line num="187" type="stmt" count="0"/>
      <line num="189" type="stmt" count="0"/>
      <line num="196" type="stmt" count="0"/>
      <line num="197" type="stmt" count="0"/>
      <line num="198" type="stmt" count="0"/>
      <line num="199" type="stmt" count="0"/>
      <line num="200" type="stmt" count="0"/>
      <line num="201" type="stmt" count="0"/>
      <line num="202" type="stmt" count="0"/>
      <line num="203" type="stmt" count="0"/>
      <line num="204" type="stmt" count="0"/>
      <line num="205" type="stmt" count="0"/>
      <line num="208" type="stmt" count="0"/>
      <line num="209" type="stmt" count="0"/>
      <line num="210" type="stmt" count="0"/>
      <line num="211" type="stmt" count="0"/>
      <line num="213" type="stmt" count="0"/>
      <metrics loc="223" ncloc="213" classes="1" methods="9" coveredmethods="5" conditionals="0" coveredconditionals="0" statements="92" coveredstatements="33" elements="101" coveredelements="38"/>
    </file>
    <file name="C:\Users\purch\Documents\Projects\Github\indic-amigo-akademi\krishi-mitra\app\Http\Controllers\AppController.php">
      <class name="App\Http\Controllers\AppController" namespace="global">
        <metrics complexity="16" methods="6" coveredmethods="3" conditionals="0" coveredconditionals="0" statements="63" coveredstatements="15" elements="69" coveredelements="18"/>
      </class>
      <line num="14" type="method" name="home" visibility="public" complexity="1" crap="1" count="1"/>
      <line num="16" type="stmt" count="1"/>
      <line num="17" type="stmt" count="1"/>
      <line num="20" type="method" name="create_contact" visibility="public" complexity="2" crap="6" count="0"/>
      <line num="22" type="stmt" count="0"/>
      <line num="28" type="stmt" count="0"/>
      <line num="29" type="stmt" count="0"/>
      <line num="30" type="stmt" count="0"/>
      <line num="31" type="stmt" count="0"/>
      <line num="34" type="stmt" count="0"/>
      <line num="35" type="stmt" count="0"/>
      <line num="36" type="stmt" count="0"/>
      <line num="37" type="stmt" count="0"/>
      <line num="40" type="stmt" count="0"/>
      <line num="41" type="stmt" count="0"/>
      <line num="42" type="stmt" count="0"/>
      <line num="44" type="stmt" count="0"/>
      <line num="52" type="method" name="explore" visibility="public" complexity="10" crap="50.21" count="1"/>
      <line num="54" type="stmt" count="1"/>
      <line num="55" type="stmt" count="1"/>
      <line num="56" type="stmt" count="1"/>
      <line num="58" type="stmt" count="1"/>
      <line num="59" type="stmt" count="1"/>
      <line num="60" type="stmt" count="1"/>
      <line num="61" type="stmt" count="1"/>
      <line num="62" type="stmt" count="0"/>
      <line num="63" type="stmt" count="0"/>
      <line num="64" type="stmt" count="0"/>
      <line num="65" type="stmt" count="0"/>
      <line num="66" type="stmt" count="0"/>
      <line num="67" type="stmt" count="0"/>
      <line num="68" type="stmt" count="0"/>
      <line num="69" type="stmt" count="0"/>
      <line num="70" type="stmt" count="0"/>
      <line num="73" type="stmt" count="0"/>
      <line num="74" type="stmt" count="0"/>
      <line num="75" type="stmt" count="0"/>
      <line num="76" type="stmt" count="0"/>
      <line num="78" type="stmt" count="0"/>
      <line num="79" type="stmt" count="1"/>
      <line num="80" type="stmt" count="0"/>
      <line num="81" type="stmt" count="0"/>
      <line num="82" type="stmt" count="0"/>
      <line num="83" type="stmt" count="0"/>
      <line num="85" type="stmt" count="0"/>
      <line num="87" type="stmt" count="1"/>
      <line num="88" type="stmt" count="0"/>
      <line num="89" type="stmt" count="0"/>
      <line num="90" type="stmt" count="0"/>
      <line num="91" type="stmt" count="0"/>
      <line num="92" type="stmt" count="0"/>
      <line num="93" type="stmt" count="0"/>
      <line num="97" type="stmt" count="1"/>
      <line num="98" type="stmt" count="0"/>
      <line num="99" type="stmt" count="0"/>
      <line num="100" type="stmt" count="0"/>
      <line num="102" type="stmt" count="0"/>
      <line num="106" type="stmt" count="0"/>
      <line num="107" type="stmt" count="0"/>
      <line num="111" type="stmt" count="1"/>
      <line num="114" type="method" name="productBox" visibility="public" complexity="1" crap="2" count="0"/>
      <line num="116" type="stmt" count="0"/>
      <line num="117" type="stmt" count="0"/>
      <line num="118" type="stmt" count="0"/>
      <line num="119" type="stmt" count="0"/>
      <line num="122" type="method" name="about" visibility="public" complexity="1" crap="1" count="1"/>
      <line num="124" type="stmt" count="1"/>
      <line num="127" type="method" name="contact" visibility="public" complexity="1" crap="1" count="1"/>
      <line num="129" type="stmt" count="1"/>
      <metrics loc="132" ncloc="128" classes="1" methods="6" coveredmethods="3" conditionals="0" coveredconditionals="0" statements="63" coveredstatements="15" elements="69" coveredelements="18"/>
    </file>
    <file name="C:\Users\purch\Documents\Projects\Github\indic-amigo-akademi\krishi-mitra\app\Http\Controllers\Auth\ConfirmPasswordController.php">
      <class name="App\Http\Controllers\Auth\ConfirmPasswordController" namespace="global">
        <metrics complexity="1" methods="1" coveredmethods="0" conditionals="0" coveredconditionals="0" statements="1" coveredstatements="0" elements="2" coveredelements="0"/>
      </class>
      <line num="36" type="method" name="__construct" visibility="public" complexity="1" crap="2" count="0"/>
      <line num="38" type="stmt" count="0"/>
      <metrics loc="41" ncloc="21" classes="1" methods="1" coveredmethods="0" conditionals="0" coveredconditionals="0" statements="1" coveredstatements="0" elements="2" coveredelements="0"/>
    </file>
    <file name="C:\Users\purch\Documents\Projects\Github\indic-amigo-akademi\krishi-mitra\app\Http\Controllers\Auth\ForgotPasswordController.php">
      <class name="App\Http\Controllers\Auth\ForgotPasswordController" namespace="global">
        <metrics complexity="0" methods="0" coveredmethods="0" conditionals="0" coveredconditionals="0" statements="0" coveredstatements="0" elements="0" coveredelements="0"/>
      </class>
      <metrics loc="23" ncloc="13" classes="0" methods="0" coveredmethods="0" conditionals="0" coveredconditionals="0" statements="0" coveredstatements="0" elements="0" coveredelements="0"/>
    </file>
    <file name="C:\Users\purch\Documents\Projects\Github\indic-amigo-akademi\krishi-mitra\app\Http\Controllers\Auth\LoginController.php">
      <class name="App\Http\Controllers\Auth\LoginController" namespace="global">
        <metrics complexity="13" methods="4" coveredmethods="1" conditionals="0" coveredconditionals="0" statements="51" coveredstatements="17" elements="55" coveredelements="18"/>
      </class>
      <line num="43" type="method" name="authenticated" visibility="protected" complexity="5" crap="30" count="0"/>
      <line num="45" type="stmt" count="0"/>
      <line num="46" type="stmt" count="0"/>
      <line num="47" type="stmt" count="0"/>
      <line num="49" type="stmt" count="0"/>
      <line num="56" type="stmt" count="0"/>
      <line num="57" type="stmt" count="0"/>
      <line num="59" type="stmt" count="0"/>
      <line num="67" type="stmt" count="0"/>
      <line num="68" type="stmt" count="0"/>
      <line num="70" type="stmt" count="0"/>
      <line num="79" type="stmt" count="0"/>
      <line num="81" type="stmt" count="0"/>
      <line num="91" type="method" name="login" visibility="public" complexity="3" crap="12" count="0"/>
      <line num="93" type="stmt" count="0"/>
      <line num="94" type="stmt" count="0"/>
      <line num="95" type="stmt" count="0"/>
      <line num="96" type="stmt" count="0"/>
      <line num="99" type="stmt" count="0"/>
      <line num="100" type="stmt" count="0"/>
      <line num="101" type="stmt" count="0"/>
      <line num="105" type="stmt" count="0"/>
      <line num="106" type="stmt" count="0"/>
      <line num="107" type="stmt" count="0"/>
      <line num="108" type="stmt" count="0"/>
      <line num="110" type="stmt" count="0"/>
      <line num="115" type="stmt" count="0"/>
      <line num="121" type="stmt" count="0"/>
      <line num="122" type="stmt" count="0"/>
      <line num="123" type="stmt" count="0"/>
      <line num="124" type="stmt" count="0"/>
      <line num="129" type="method" name="validateLogin" visibility="public" complexity="4" crap="4" count="7"/>
      <line num="131" type="stmt" count="7"/>
      <line num="132" type="stmt" count="7"/>
      <line num="136" type="stmt" count="7"/>
      <line num="140" type="stmt" count="7"/>
      <line num="142" type="stmt" count="7"/>
      <line num="143" type="stmt" count="3"/>
      <line num="145" type="stmt" count="3"/>
      <line num="149" type="stmt" count="4"/>
      <line num="150" type="stmt" count="3"/>
      <line num="151" type="stmt" count="3"/>
      <line num="152" type="stmt" count="3"/>
      <line num="155" type="stmt" count="1"/>
      <line num="156" type="stmt" count="1"/>
      <line num="157" type="stmt" count="1"/>
      <line num="161" type="stmt" count="4"/>
      <line num="162" type="stmt" count="2"/>
      <line num="168" type="stmt" count="2"/>
      <line num="174" type="method" name="logout" visibility="public" complexity="1" crap="2" count="0"/>
      <line num="176" type="stmt" count="0"/>
      <line num="177" type="stmt" count="0"/>
      <line num="178" type="stmt" count="0"/>
      <line num="179" type="stmt" count="0"/>
      <line num="181" type="stmt" count="0"/>
      <metrics loc="189" ncloc="165" classes="1" methods="4" coveredmethods="1" conditionals="0" coveredconditionals="0" statements="51" coveredstatements="17" elements="55" coveredelements="18"/>
    </file>
    <file name="C:\Users\purch\Documents\Projects\Github\indic-amigo-akademi\krishi-mitra\app\Http\Controllers\Auth\RegisterController.php">
      <class name="App\Http\Controllers\Auth\RegisterController" namespace="global">
        <metrics complexity="5" methods="4" coveredmethods="3" conditionals="0" coveredconditionals="0" statements="15" coveredstatements="9" elements="19" coveredelements="12"/>
      </class>
      <line num="41" type="method" name="__construct" visibility="public" complexity="1" crap="1" count="17"/>
      <line num="43" type="stmt" count="17"/>
      <line num="52" type="method" name="validator" visibility="protected" complexity="1" crap="1" count="16"/>
      <line num="54" type="stmt" count="16"/>
      <line num="86" type="stmt" count="16"/>
      <line num="100" type="stmt" count="16"/>
      <line num="110" type="method" name="create" visibility="protected" complexity="1" crap="2" count="0"/>
      <line num="112" type="stmt" count="0"/>
      <line num="113" type="stmt" count="0"/>
      <line num="114" type="stmt" count="0"/>
      <line num="115" type="stmt" count="0"/>
      <line num="116" type="stmt" count="0"/>
      <line num="117" type="stmt" count="0"/>
      <line num="123" type="method" name="validateRegister" visibility="public" complexity="2" crap="2" count="16"/>
      <line num="125" type="stmt" count="16"/>
      <line num="127" type="stmt" count="16"/>
      <line num="128" type="stmt" count="15"/>
      <line num="130" type="stmt" count="15"/>
      <line num="134" type="stmt" count="1"/>
      <metrics loc="140" ncloc="97" classes="1" methods="4" coveredmethods="3" conditionals="0" coveredconditionals="0" statements="15" coveredstatements="9" elements="19" coveredelements="12"/>
    </file>
    <file name="C:\Users\purch\Documents\Projects\Github\indic-amigo-akademi\krishi-mitra\app\Http\Controllers\Auth\ResetPasswordController.php">
      <class name="App\Http\Controllers\Auth\ResetPasswordController" namespace="global">
        <metrics complexity="0" methods="0" coveredmethods="0" conditionals="0" coveredconditionals="0" statements="0" coveredstatements="0" elements="0" coveredelements="0"/>
      </class>
      <metrics loc="31" ncloc="16" classes="0" methods="0" coveredmethods="0" conditionals="0" coveredconditionals="0" statements="0" coveredstatements="0" elements="0" coveredelements="0"/>
    </file>
    <file name="C:\Users\purch\Documents\Projects\Github\indic-amigo-akademi\krishi-mitra\app\Http\Controllers\Auth\VerificationController.php">
      <class name="App\Http\Controllers\Auth\VerificationController" namespace="global">
        <metrics complexity="1" methods="1" coveredmethods="0" conditionals="0" coveredconditionals="0" statements="3" coveredstatements="0" elements="4" coveredelements="0"/>
      </class>
      <line num="36" type="method" name="__construct" visibility="public" complexity="1" crap="2" count="0"/>
      <line num="38" type="stmt" count="0"/>
      <line num="39" type="stmt" count="0"/>
      <line num="40" type="stmt" count="0"/>
      <metrics loc="43" ncloc="23" classes="1" methods="1" coveredmethods="0" conditionals="0" coveredconditionals="0" statements="3" coveredstatements="0" elements="4" coveredelements="0"/>
    </file>
    <file name="C:\Users\purch\Documents\Projects\Github\indic-amigo-akademi\krishi-mitra\app\Http\Controllers\CartController.php">
      <class name="App\Http\Controllers\CartController" namespace="global">
        <metrics complexity="11" methods="6" coveredmethods="2" conditionals="0" coveredconditionals="0" statements="42" coveredstatements="4" elements="48" coveredelements="6"/>
      </class>
      <line num="14" type="method" name="__construct" visibility="public" complexity="1" crap="1" count="1"/>
      <line num="16" type="stmt" count="1"/>
      <line num="23" type="method" name="index" visibility="public" complexity="1" crap="1" count="1"/>
      <line num="25" type="stmt" count="1"/>
      <line num="26" type="stmt" count="1"/>
      <line num="27" type="stmt" count="1"/>
      <line num="36" type="method" name="store" visibility="public" complexity="2" crap="6" count="0"/>
      <line num="38" type="stmt" count="0"/>
      <line num="39" type="stmt" count="0"/>
      <line num="40" type="stmt" count="0"/>
      <line num="41" type="stmt" count="0"/>
      <line num="42" type="stmt" count="0"/>
      <line num="43" type="stmt" count="0"/>
      <line num="44" type="stmt" count="0"/>
      <line num="45" type="stmt" count="0"/>
      <line num="46" type="stmt" count="0"/>
      <line num="47" type="stmt" count="0"/>
      <line num="51" type="stmt" count="0"/>
      <line num="52" type="stmt" count="0"/>
      <line num="55" type="stmt" count="0"/>
      <line num="56" type="stmt" count="0"/>
      <line num="57" type="stmt" count="0"/>
      <line num="58" type="stmt" count="0"/>
      <line num="59" type="stmt" count="0"/>
      <line num="60" type="stmt" count="0"/>
      <line num="61" type="stmt" count="0"/>
      <line num="94" type="method" name="incr" visibility="public" complexity="1" crap="2" count="0"/>
      <line num="96" type="stmt" count="0"/>
      <line num="97" type="stmt" count="0"/>
      <line num="98" type="stmt" count="0"/>
      <line num="99" type="stmt" count="0"/>
      <line num="101" type="method" name="decr" visibility="public" complexity="2" crap="6" count="0"/>
      <line num="103" type="stmt" count="0"/>
      <line num="104" type="stmt" count="0"/>
      <line num="105" type="stmt" count="0"/>
      <line num="107" type="stmt" count="0"/>
      <line num="108" type="stmt" count="0"/>
      <line num="118" type="method" name="destroy" visibility="public" complexity="2" crap="6" count="0"/>
      <line num="120" type="stmt" count="0"/>
      <line num="121" type="stmt" count="0"/>
      <line num="122" type="stmt" count="0"/>
      <line num="123" type="stmt" count="0"/>
      <line num="124" type="stmt" count="0"/>
      <line num="125" type="stmt" count="0"/>
      <line num="126" type="stmt" count="0"/>
      <line num="127" type="stmt" count="0"/>
      <line num="129" type="stmt" count="0"/>
      <line num="130" type="stmt" count="0"/>
      <metrics loc="133" ncloc="94" classes="1" methods="6" coveredmethods="2" conditionals="0" coveredconditionals="0" statements="42" coveredstatements="4" elements="48" coveredelements="6"/>
    </file>
    <file name="C:\Users\purch\Documents\Projects\Github\indic-amigo-akademi\krishi-mitra\app\Http\Controllers\Controller.php">
      <class name="App\Http\Controllers\Controller" namespace="global">
        <metrics complexity="0" methods="0" coveredmethods="0" conditionals="0" coveredconditionals="0" statements="0" coveredstatements="0" elements="0" coveredelements="0"/>
      </class>
      <metrics loc="14" ncloc="14" classes="0" methods="0" coveredmethods="0" conditionals="0" coveredconditionals="0" statements="0" coveredstatements="0" elements="0" coveredelements="0"/>
    </file>
    <file name="C:\Users\purch\Documents\Projects\Github\indic-amigo-akademi\krishi-mitra\app\Http\Controllers\CustomerController.php">
      <class name="App\Http\Controllers\CustomerController" namespace="global">
        <metrics complexity="3" methods="3" coveredmethods="3" conditionals="0" coveredconditionals="0" statements="3" coveredstatements="3" elements="6" coveredelements="6"/>
      </class>
      <line num="7" type="method" name="__construct" visibility="public" complexity="1" crap="1" count="2"/>
      <line num="9" type="stmt" count="2"/>
      <line num="12" type="method" name="index" visibility="public" complexity="1" crap="1" count="1"/>
      <line num="14" type="stmt" count="1"/>
      <line num="17" type="method" name="profile" visibility="public" complexity="1" crap="1" count="1"/>
      <line num="19" type="stmt" count="1"/>
      <metrics loc="22" ncloc="21" classes="1" methods="3" coveredmethods="3" conditionals="0" coveredconditionals="0" statements="3" coveredstatements="3" elements="6" coveredelements="6"/>
    </file>
    <file name="C:\Users\purch\Documents\Projects\Github\indic-amigo-akademi\krishi-mitra\app\Http\Controllers\OrderController.php">
      <class name="App\Http\Controllers\OrderController" namespace="global">
        <metrics complexity="20" methods="7" coveredmethods="3" conditionals="0" coveredconditionals="0" statements="92" coveredstatements="18" elements="99" coveredelements="21"/>
      </class>
      <line num="25" type="method" name="__construct" visibility="public" complexity="1" crap="1" count="3"/>
      <line num="27" type="stmt" count="3"/>
      <line num="29" type="method" name="checkout" visibility="public" complexity="2" crap="2.15" count="1"/>
      <line num="31" type="stmt" count="1"/>
      <line num="32" type="stmt" count="1"/>
      <line num="33" type="stmt" count="0"/>
      <line num="34" type="stmt" count="0"/>
      <line num="35" type="stmt" count="0"/>
      <line num="41" type="stmt" count="1"/>
      <line num="42" type="stmt" count="1"/>
      <line num="44" type="stmt" count="1"/>
      <line num="49" type="stmt" count="1"/>
      <line num="57" type="method" name="create" visibility="public" complexity="3" crap="12" count="0"/>
      <line num="59" type="stmt" count="0"/>
      <line num="60" type="stmt" count="0"/>
      <line num="61" type="stmt" count="0"/>
      <line num="62" type="stmt" count="0"/>
      <line num="63" type="stmt" count="0"/>
      <line num="65" type="stmt" count="0"/>
      <line num="67" type="stmt" count="0"/>
      <line num="68" type="stmt" count="0"/>
      <line num="70" type="stmt" count="0"/>
      <line num="71" type="stmt" count="0"/>
      <line num="73" type="stmt" count="0"/>
      <line num="74" type="stmt" count="0"/>
      <line num="84" type="method" name="store" visibility="public" complexity="6" crap="42" count="0"/>
      <line num="86" type="stmt" count="0"/>
      <line num="89" type="stmt" count="0"/>
      <line num="92" type="stmt" count="0"/>
      <line num="95" type="stmt" count="0"/>
      <line num="97" type="stmt" count="0"/>
      <line num="98" type="stmt" count="0"/>
      <line num="100" type="stmt" count="0"/>
      <line num="103" type="stmt" count="0"/>
      <line num="104" type="stmt" count="0"/>
      <line num="105" type="stmt" count="0"/>
      <line num="106" type="stmt" count="0"/>
      <line num="108" type="stmt" count="0"/>
      <line num="110" type="stmt" count="0"/>
      <line num="111" type="stmt" count="0"/>
      <line num="117" type="stmt" count="0"/>
      <line num="118" type="stmt" count="0"/>
      <line num="119" type="stmt" count="0"/>
      <line num="121" type="stmt" count="0"/>
      <line num="170" type="stmt" count="0"/>
      <line num="171" type="stmt" count="0"/>
      <line num="172" type="stmt" count="0"/>
      <line num="173" type="stmt" count="0"/>
      <line num="174" type="stmt" count="0"/>
      <line num="175" type="stmt" count="0"/>
      <line num="176" type="stmt" count="0"/>
      <line num="177" type="stmt" count="0"/>
      <line num="178" type="stmt" count="0"/>
      <line num="180" type="stmt" count="0"/>
      <line num="183" type="stmt" count="0"/>
      <line num="184" type="stmt" count="0"/>
      <line num="185" type="stmt" count="0"/>
      <line num="186" type="stmt" count="0"/>
      <line num="188" type="stmt" count="0"/>
      <line num="189" type="stmt" count="0"/>
      <line num="190" type="stmt" count="0"/>
      <line num="191" type="stmt" count="0"/>
      <line num="195" type="stmt" count="0"/>
      <line num="198" type="stmt" count="0"/>
      <line num="199" type="stmt" count="0"/>
      <line num="200" type="stmt" count="0"/>
      <line num="202" type="stmt" count="0"/>
      <line num="218" type="method" name="showall" visibility="public" complexity="1" crap="1" count="1"/>
      <line num="221" type="stmt" count="1"/>
      <line num="222" type="stmt" count="1"/>
      <line num="223" type="stmt" count="1"/>
      <line num="224" type="stmt" count="1"/>
      <line num="225" type="stmt" count="1"/>
      <line num="234" type="method" name="showone" visibility="public" complexity="2" crap="2" count="1"/>
      <line num="236" type="stmt" count="1"/>
      <line num="237" type="stmt" count="1"/>
      <line num="239" type="stmt" count="1"/>
      <line num="240" type="stmt" count="1"/>
      <line num="241" type="stmt" count="1"/>
      <line num="243" type="stmt" count="1"/>
      <line num="245" type="method" name="cancel_delete" visibility="public" complexity="3" crap="12" count="0"/>
      <line num="247" type="stmt" count="0"/>
      <line num="248" type="stmt" count="0"/>
      <line num="249" type="stmt" count="0"/>
      <line num="250" type="stmt" count="0"/>
      <line num="251" type="stmt" count="0"/>
      <line num="252" type="stmt" count="0"/>
      <line num="253" type="stmt" count="0"/>
      <line num="254" type="stmt" count="0"/>
      <line num="255" type="stmt" count="0"/>
      <line num="256" type="stmt" count="0"/>
      <line num="257" type="stmt" count="0"/>
      <line num="259" type="stmt" count="0"/>
      <line num="266" type="stmt" count="0"/>
      <line num="267" type="stmt" count="0"/>
      <line num="268" type="stmt" count="0"/>
      <line num="269" type="stmt" count="0"/>
      <line num="270" type="stmt" count="0"/>
      <line num="272" type="stmt" count="0"/>
      <metrics loc="304" ncloc="207" classes="1" methods="7" coveredmethods="3" conditionals="0" coveredconditionals="0" statements="92" coveredstatements="18" elements="99" coveredelements="21"/>
    </file>
    <file name="C:\Users\purch\Documents\Projects\Github\indic-amigo-akademi\krishi-mitra\app\Http\Controllers\ProductController.php">
      <class name="App\Http\Controllers\ProductController" namespace="global">
        <metrics complexity="32" methods="11" coveredmethods="3" conditionals="0" coveredconditionals="0" statements="76" coveredstatements="18" elements="87" coveredelements="21"/>
      </class>
      <line num="21" type="method" name="__construct" visibility="public" complexity="1" crap="1" count="5"/>
      <line num="23" type="stmt" count="5"/>
      <line num="26" type="method" name="index" visibility="public" complexity="1" crap="2" count="0"/>
      <line num="32" type="stmt" count="0"/>
      <line num="33" type="stmt" count="0"/>
      <line num="41" type="method" name="create" visibility="public" complexity="1" crap="1" count="1"/>
      <line num="46" type="stmt" count="1"/>
      <line num="55" type="method" name="store" visibility="public" complexity="6" crap="42" count="0"/>
      <line num="57" type="stmt" count="0"/>
      <line num="58" type="stmt" count="0"/>
      <line num="61" type="stmt" count="0"/>
      <line num="63" type="stmt" count="0"/>
      <line num="64" type="stmt" count="0"/>
      <line num="65" type="stmt" count="0"/>
      <line num="66" type="stmt" count="0"/>
      <line num="67" type="stmt" count="0"/>
      <line num="68" type="stmt" count="0"/>
      <line num="69" type="stmt" count="0"/>
      <line num="70" type="stmt" count="0"/>
      <line num="71" type="stmt" count="0"/>
      <line num="72" type="stmt" count="0"/>
      <line num="74" type="stmt" count="0"/>
      <line num="76" type="stmt" count="0"/>
      <line num="77" type="stmt" count="0"/>
      <line num="78" type="stmt" count="0"/>
      <line num="79" type="stmt" count="0"/>
      <line num="80" type="stmt" count="0"/>
      <line num="83" type="stmt" count="0"/>
      <line num="84" type="stmt" count="0"/>
      <line num="87" type="stmt" count="0"/>
      <line num="88" type="stmt" count="0"/>
      <line num="89" type="stmt" count="0"/>
      <line num="91" type="stmt" count="0"/>
      <line num="94" type="stmt" count="0"/>
      <line num="96" type="stmt" count="0"/>
      <line num="99" type="stmt" count="0"/>
      <line num="108" type="method" name="show" visibility="public" complexity="3" crap="12" count="0"/>
      <line num="110" type="stmt" count="0"/>
      <line num="111" type="stmt" count="0"/>
      <line num="114" type="stmt" count="0"/>
      <line num="115" type="stmt" count="0"/>
      <line num="118" type="method" name="show_one" visibility="public" complexity="1" crap="1" count="1"/>
      <line num="120" type="stmt" count="1"/>
      <line num="121" type="stmt" count="1"/>
      <line num="122" type="stmt" count="1"/>
      <line num="131" type="method" name="edit" visibility="public" complexity="3" crap="3.14" count="1"/>
      <line num="133" type="stmt" count="1"/>
      <line num="134" type="stmt" count="0"/>
      <line num="137" type="stmt" count="1"/>
      <line num="138" type="stmt" count="1"/>
      <line num="148" type="method" name="update" visibility="public" complexity="3" crap="12" count="0"/>
      <line num="150" type="stmt" count="0"/>
      <line num="151" type="stmt" count="0"/>
      <line num="154" type="stmt" count="0"/>
      <line num="155" type="stmt" count="0"/>
      <line num="156" type="stmt" count="0"/>
      <line num="157" type="stmt" count="0"/>
      <line num="158" type="stmt" count="0"/>
      <line num="159" type="stmt" count="0"/>
      <line num="160" type="stmt" count="0"/>
      <line num="161" type="stmt" count="0"/>
      <line num="162" type="stmt" count="0"/>
      <line num="171" type="method" name="destroy" visibility="public" complexity="5" crap="30" count="0"/>
      <line num="173" type="stmt" count="0"/>
      <line num="174" type="stmt" count="0"/>
      <line num="177" type="stmt" count="0"/>
      <line num="178" type="stmt" count="0"/>
      <line num="179" type="stmt" count="0"/>
      <line num="180" type="stmt" count="0"/>
      <line num="181" type="stmt" count="0"/>
      <line num="182" type="stmt" count="0"/>
      <line num="186" type="stmt" count="0"/>
      <line num="188" type="stmt" count="0"/>
      <line num="197" type="method" name="deactivate" visibility="public" complexity="4" crap="4.07" count="1"/>
      <line num="199" type="stmt" count="1"/>
      <line num="206" type="stmt" count="1"/>
      <line num="207" type="stmt" count="0"/>
      <line num="212" type="stmt" count="1"/>
      <line num="214" type="stmt" count="1"/>
      <line num="215" type="stmt" count="1"/>
      <line num="225" type="method" name="activate" visibility="public" complexity="4" crap="4.07" count="1"/>
      <line num="227" type="stmt" count="1"/>
      <line num="234" type="stmt" count="1"/>
      <line num="235" type="stmt" count="0"/>
      <line num="240" type="stmt" count="1"/>
      <line num="242" type="stmt" count="1"/>
      <line num="243" type="stmt" count="1"/>
      <metrics loc="247" ncloc="175" classes="1" methods="11" coveredmethods="3" conditionals="0" coveredconditionals="0" statements="76" coveredstatements="18" elements="87" coveredelements="21"/>
    </file>
    <file name="C:\Users\purch\Documents\Projects\Github\indic-amigo-akademi\krishi-mitra\app\Http\Controllers\SellerController.php">
      <class name="App\Http\Controllers\SellerController" namespace="global">
        <metrics complexity="15" methods="8" coveredmethods="4" conditionals="0" coveredconditionals="0" statements="58" coveredstatements="33" elements="66" coveredelements="37"/>
      </class>
      <line num="18" type="method" name="__construct" visibility="public" complexity="1" crap="1" count="6"/>
      <line num="20" type="stmt" count="6"/>
      <line num="23" type="method" name="seller_form" visibility="public" complexity="5" crap="5.76" count="1"/>
      <line num="25" type="stmt" count="1"/>
      <line num="26" type="stmt" count="1"/>
      <line num="27" type="stmt" count="1"/>
      <line num="28" type="stmt" count="1"/>
      <line num="30" type="stmt" count="1"/>
      <line num="34" type="stmt" count="1"/>
      <line num="39" type="stmt" count="1"/>
      <line num="40" type="stmt" count="1"/>
      <line num="41" type="stmt" count="1"/>
      <line num="42" type="stmt" count="1"/>
      <line num="43" type="stmt" count="0"/>
      <line num="44" type="stmt" count="0"/>
      <line num="45" type="stmt" count="0"/>
      <line num="47" type="stmt" count="0"/>
      <line num="53" type="stmt" count="0"/>
      <line num="58" type="stmt" count="1"/>
      <line num="61" type="method" name="index" visibility="public" complexity="1" crap="1" count="1"/>
      <line num="63" type="stmt" count="1"/>
      <line num="66" type="method" name="create_seller" visibility="protected" complexity="2" crap="6" count="0"/>
      <line num="68" type="stmt" count="0"/>
      <line num="75" type="stmt" count="0"/>
      <line num="76" type="stmt" count="0"/>
      <line num="77" type="stmt" count="0"/>
      <line num="78" type="stmt" count="0"/>
      <line num="79" type="stmt" count="0"/>
      <line num="82" type="stmt" count="0"/>
      <line num="83" type="stmt" count="0"/>
      <line num="84" type="stmt" count="0"/>
      <line num="85" type="stmt" count="0"/>
      <line num="86" type="stmt" count="0"/>
      <line num="87" type="stmt" count="0"/>
      <line num="89" type="stmt" count="0"/>
      <line num="90" type="stmt" count="0"/>
      <line num="94" type="stmt" count="0"/>
      <line num="95" type="stmt" count="0"/>
      <line num="96" type="stmt" count="0"/>
      <line num="98" type="stmt" count="0"/>
      <line num="108" type="method" name="product_show" visibility="public" complexity="2" crap="2.06" count="1"/>
      <line num="110" type="stmt" count="1"/>
      <line num="111" type="stmt" count="1"/>
      <line num="112" type="stmt" count="0"/>
      <line num="114" type="stmt" count="1"/>
      <line num="117" type="method" name="product_orders" visibility="public" complexity="1" crap="1" count="1"/>
      <line num="119" type="stmt" count="1"/>
      <line num="120" type="stmt" count="1"/>
      <line num="121" type="stmt" count="1"/>
      <line num="122" type="stmt" count="1"/>
      <line num="123" type="stmt" count="1"/>
      <line num="124" type="stmt" count="1"/>
      <line num="126" type="stmt" count="1"/>
      <line num="129" type="method" name="show_order" visibility="public" complexity="2" crap="2.00" count="1"/>
      <line num="131" type="stmt" count="1"/>
      <line num="132" type="stmt" count="1"/>
      <line num="133" type="stmt" count="1"/>
      <line num="134" type="stmt" count="1"/>
      <line num="135" type="stmt" count="1"/>
      <line num="136" type="stmt" count="1"/>
      <line num="137" type="stmt" count="1"/>
      <line num="138" type="stmt" count="1"/>
      <line num="139" type="stmt" count="1"/>
      <line num="141" type="stmt" count="0"/>
      <line num="144" type="method" name="product_browse" visibility="public" complexity="1" crap="1" count="1"/>
      <line num="146" type="stmt" count="1"/>
      <metrics loc="149" ncloc="142" classes="1" methods="8" coveredmethods="4" conditionals="0" coveredconditionals="0" statements="58" coveredstatements="33" elements="66" coveredelements="37"/>
    </file>
    <file name="C:\Users\purch\Documents\Projects\Github\indic-amigo-akademi\krishi-mitra\app\Http\Kernel.php">
      <class name="App\Http\Kernel" namespace="global">
        <metrics complexity="0" methods="0" coveredmethods="0" conditionals="0" coveredconditionals="0" statements="0" coveredstatements="0" elements="0" coveredelements="0"/>
      </class>
      <metrics loc="69" ncloc="48" classes="0" methods="0" coveredmethods="0" conditionals="0" coveredconditionals="0" statements="0" coveredstatements="0" elements="0" coveredelements="0"/>
    </file>
    <file name="C:\Users\purch\Documents\Projects\Github\indic-amigo-akademi\krishi-mitra\app\Http\Middleware\Authenticate.php">
      <class name="App\Http\Middleware\Authenticate" namespace="global">
        <metrics complexity="2" methods="1" coveredmethods="1" conditionals="0" coveredconditionals="0" statements="2" coveredstatements="2" elements="3" coveredelements="3"/>
      </class>
      <line num="15" type="method" name="redirectTo" visibility="protected" complexity="2" crap="2" count="25"/>
      <line num="17" type="stmt" count="25"/>
      <line num="18" type="stmt" count="25"/>
      <metrics loc="22" ncloc="16" classes="1" methods="1" coveredmethods="1" conditionals="0" coveredconditionals="0" statements="2" coveredstatements="2" elements="3" coveredelements="3"/>
    </file>
    <file name="C:\Users\purch\Documents\Projects\Github\indic-amigo-akademi\krishi-mitra\app\Http\Middleware\CheckForMaintenanceMode.php">
      <class name="App\Http\Middleware\CheckForMaintenanceMode" namespace="global">
        <metrics complexity="0" methods="0" coveredmethods="0" conditionals="0" coveredconditionals="0" statements="0" coveredstatements="0" elements="0" coveredelements="0"/>
      </class>
      <metrics loc="18" ncloc="13" classes="0" methods="0" coveredmethods="0" conditionals="0" coveredconditionals="0" statements="0" coveredstatements="0" elements="0" coveredelements="0"/>
    </file>
    <file name="C:\Users\purch\Documents\Projects\Github\indic-amigo-akademi\krishi-mitra\app\Http\Middleware\EncryptCookies.php">
      <class name="App\Http\Middleware\EncryptCookies" namespace="global">
        <metrics complexity="0" methods="0" coveredmethods="0" conditionals="0" coveredconditionals="0" statements="0" coveredstatements="0" elements="0" coveredelements="0"/>
      </class>
      <metrics loc="18" ncloc="13" classes="0" methods="0" coveredmethods="0" conditionals="0" coveredconditionals="0" statements="0" coveredstatements="0" elements="0" coveredelements="0"/>
    </file>
    <file name="C:\Users\purch\Documents\Projects\Github\indic-amigo-akademi\krishi-mitra\app\Http\Middleware\RedirectIfAuthenticated.php">
      <class name="App\Http\Middleware\RedirectIfAuthenticated" namespace="global">
        <metrics complexity="2" methods="1" coveredmethods="0" conditionals="0" coveredconditionals="0" statements="3" coveredstatements="2" elements="4" coveredelements="2"/>
      </class>
      <line num="19" type="method" name="handle" visibility="public" complexity="2" crap="2.15" count="17"/>
      <line num="21" type="stmt" count="17"/>
      <line num="22" type="stmt" count="0"/>
      <line num="25" type="stmt" count="17"/>
      <metrics loc="28" ncloc="20" classes="1" methods="1" coveredmethods="0" conditionals="0" coveredconditionals="0" statements="3" coveredstatements="2" elements="4" coveredelements="2"/>
    </file>
    <file name="C:\Users\purch\Documents\Projects\Github\indic-amigo-akademi\krishi-mitra\app\Http\Middleware\RoleAuthenticate.php">
      <class name="App\Http\Middleware\RoleAuthenticate" namespace="global">
        <metrics complexity="4" methods="1" coveredmethods="1" conditionals="0" coveredconditionals="0" statements="4" coveredstatements="4" elements="5" coveredelements="5"/>
      </class>
      <line num="18" type="method" name="handle" visibility="public" complexity="4" crap="4" count="14"/>
      <line num="20" type="stmt" count="14"/>
      <line num="22" type="stmt" count="14"/>
      <line num="23" type="stmt" count="13"/>
      <line num="24" type="stmt" count="14"/>
      <metrics loc="27" ncloc="19" classes="1" methods="1" coveredmethods="1" conditionals="0" coveredconditionals="0" statements="4" coveredstatements="4" elements="5" coveredelements="5"/>
    </file>
    <file name="C:\Users\purch\Documents\Projects\Github\indic-amigo-akademi\krishi-mitra\app\Http\Middleware\TrimStrings.php">
      <class name="App\Http\Middleware\TrimStrings" namespace="global">
        <metrics complexity="0" methods="0" coveredmethods="0" conditionals="0" coveredconditionals="0" statements="0" coveredstatements="0" elements="0" coveredelements="0"/>
      </class>
      <metrics loc="19" ncloc="14" classes="0" methods="0" coveredmethods="0" conditionals="0" coveredconditionals="0" statements="0" coveredstatements="0" elements="0" coveredelements="0"/>
    </file>
    <file name="C:\Users\purch\Documents\Projects\Github\indic-amigo-akademi\krishi-mitra\app\Http\Middleware\TrustHosts.php">
      <class name="App\Http\Middleware\TrustHosts" namespace="global">
        <metrics complexity="1" methods="1" coveredmethods="0" conditionals="0" coveredconditionals="0" statements="1" coveredstatements="0" elements="2" coveredelements="0"/>
      </class>
      <line num="14" type="method" name="hosts" visibility="public" complexity="1" crap="2" count="0"/>
      <line num="17" type="stmt" count="0"/>
      <metrics loc="21" ncloc="16" classes="1" methods="1" coveredmethods="0" conditionals="0" coveredconditionals="0" statements="1" coveredstatements="0" elements="2" coveredelements="0"/>
    </file>
    <file name="C:\Users\purch\Documents\Projects\Github\indic-amigo-akademi\krishi-mitra\app\Http\Middleware\TrustProxies.php">
      <class name="App\Http\Middleware\TrustProxies" namespace="global">
        <metrics complexity="0" methods="0" coveredmethods="0" conditionals="0" coveredconditionals="0" statements="0" coveredstatements="0" elements="0" coveredelements="0"/>
      </class>
      <metrics loc="24" ncloc="14" classes="0" methods="0" coveredmethods="0" conditionals="0" coveredconditionals="0" statements="0" coveredstatements="0" elements="0" coveredelements="0"/>
    </file>
    <file name="C:\Users\purch\Documents\Projects\Github\indic-amigo-akademi\krishi-mitra\app\Http\Middleware\VerifyCsrfToken.php">
      <class name="App\Http\Middleware\VerifyCsrfToken" namespace="global">
        <metrics complexity="0" methods="0" coveredmethods="0" conditionals="0" coveredconditionals="0" statements="0" coveredstatements="0" elements="0" coveredelements="0"/>
      </class>
      <metrics loc="18" ncloc="13" classes="0" methods="0" coveredmethods="0" conditionals="0" coveredconditionals="0" statements="0" coveredstatements="0" elements="0" coveredelements="0"/>
    </file>
    <file name="C:\Users\purch\Documents\Projects\Github\indic-amigo-akademi\krishi-mitra\app\Models\Address.php">
      <class name="App\Models\Address" namespace="global">
        <metrics complexity="5" methods="2" coveredmethods="2" conditionals="0" coveredconditionals="0" statements="6" coveredstatements="6" elements="8" coveredelements="8"/>
      </class>
      <line num="30" type="method" name="user" visibility="public" complexity="1" crap="1" count="1"/>
      <line num="32" type="stmt" count="1"/>
      <line num="35" type="method" name="getFullAddressAttribute" visibility="public" complexity="4" crap="4" count="4"/>
      <line num="37" type="stmt" count="4"/>
      <line num="39" type="stmt" count="4"/>
      <line num="40" type="stmt" count="4"/>
      <line num="41" type="stmt" count="4"/>
      <line num="42" type="stmt" count="4"/>
      <metrics loc="45" ncloc="40" classes="1" methods="2" coveredmethods="2" conditionals="0" coveredconditionals="0" statements="6" coveredstatements="6" elements="8" coveredelements="8"/>
    </file>
    <file name="C:\Users\purch\Documents\Projects\Github\indic-amigo-akademi\krishi-mitra\app\Models\Approval.php">
      <class name="App\Models\Approval" namespace="global">
        <metrics complexity="1" methods="1" coveredmethods="0" conditionals="0" coveredconditionals="0" statements="1" coveredstatements="0" elements="2" coveredelements="0"/>
      </class>
      <line num="18" type="method" name="user" visibility="public" complexity="1" crap="2" count="0"/>
      <line num="20" type="stmt" count="0"/>
      <metrics loc="23" ncloc="18" classes="1" methods="1" coveredmethods="0" conditionals="0" coveredconditionals="0" statements="1" coveredstatements="0" elements="2" coveredelements="0"/>
    </file>
    <file name="C:\Users\purch\Documents\Projects\Github\indic-amigo-akademi\krishi-mitra\app\Models\Cart.php">
      <class name="App\Models\Cart" namespace="global">
        <metrics complexity="5" methods="5" coveredmethods="5" conditionals="0" coveredconditionals="0" statements="5" coveredstatements="5" elements="10" coveredelements="10"/>
      </class>
      <line num="19" type="method" name="user" visibility="public" complexity="1" crap="1" count="1"/>
      <line num="21" type="stmt" count="1"/>
      <line num="24" type="method" name="product" visibility="public" complexity="1" crap="1" count="3"/>
      <line num="26" type="stmt" count="3"/>
      <line num="29" type="method" name="getDiscountedPriceAttribute" visibility="public" complexity="1" crap="1" count="1"/>
      <line num="31" type="stmt" count="1"/>
      <line num="34" type="method" name="getTotalPriceAttribute" visibility="public" complexity="1" crap="1" count="2"/>
      <line num="36" type="stmt" count="2"/>
      <line num="39" type="method" name="getTotalDiscountedPriceAttribute" visibility="public" complexity="1" crap="1" count="2"/>
      <line num="41" type="stmt" count="2"/>
      <metrics loc="44" ncloc="39" classes="1" methods="5" coveredmethods="5" conditionals="0" coveredconditionals="0" statements="5" coveredstatements="5" elements="10" coveredelements="10"/>
    </file>
    <file name="C:\Users\purch\Documents\Projects\Github\indic-amigo-akademi\krishi-mitra\app\Models\Contact.php">
      <class name="App\Models\Contact" namespace="global">
        <metrics complexity="0" methods="0" coveredmethods="0" conditionals="0" coveredconditionals="0" statements="0" coveredstatements="0" elements="0" coveredelements="0"/>
      </class>
      <metrics loc="18" ncloc="13" classes="0" methods="0" coveredmethods="0" conditionals="0" coveredconditionals="0" statements="0" coveredstatements="0" elements="0" coveredelements="0"/>
    </file>
    <file name="C:\Users\purch\Documents\Projects\Github\indic-amigo-akademi\krishi-mitra\app\Models\FileImage.php">
      <class name="App\Models\FileImage" namespace="global">
        <metrics complexity="0" methods="0" coveredmethods="0" conditionals="0" coveredconditionals="0" statements="0" coveredstatements="0" elements="0" coveredelements="0"/>
      </class>
      <metrics loc="18" ncloc="13" classes="0" methods="0" coveredmethods="0" conditionals="0" coveredconditionals="0" statements="0" coveredstatements="0" elements="0" coveredelements="0"/>
    </file>
    <file name="C:\Users\purch\Documents\Projects\Github\indic-amigo-akademi\krishi-mitra\app\Models\Order.php">
      <class name="App\Models\Order" namespace="global">
        <metrics complexity="7" methods="7" coveredmethods="5" conditionals="0" coveredconditionals="0" statements="7" coveredstatements="5" elements="14" coveredelements="10"/>
      </class>
      <line num="46" type="method" name="user" visibility="public" complexity="1" crap="2" count="0"/>
      <line num="48" type="stmt" count="0"/>
      <line num="51" type="method" name="product" visibility="public" complexity="1" crap="1" count="4"/>
      <line num="53" type="stmt" count="4"/>
      <line num="56" type="method" name="address" visibility="public" complexity="1" crap="1" count="2"/>
      <line num="58" type="stmt" count="2"/>
      <line num="61" type="method" name="getDiscountedPriceAttribute" visibility="public" complexity="1" crap="1" count="1"/>
      <line num="63" type="stmt" count="1"/>
      <line num="66" type="method" name="getTotalPriceAttribute" visibility="public" complexity="1" crap="1" count="4"/>
      <line num="68" type="stmt" count="4"/>
      <line num="71" type="method" name="getCategoryAttribute" visibility="public" complexity="1" crap="2" count="0"/>
      <line num="73" type="stmt" count="0"/>
      <line num="76" type="method" name="getTotalDiscountedPriceAttribute" visibility="public" complexity="1" crap="1" count="4"/>
      <line num="78" type="stmt" count="4"/>
      <metrics loc="81" ncloc="76" classes="1" methods="7" coveredmethods="5" conditionals="0" coveredconditionals="0" statements="7" coveredstatements="5" elements="14" coveredelements="10"/>
    </file>
    <file name="C:\Users\purch\Documents\Projects\Github\indic-amigo-akademi\krishi-mitra\app\Models\Product.php">
      <class name="App\Models\Product" namespace="global">
        <metrics complexity="5" methods="5" coveredmethods="5" conditionals="0" coveredconditionals="0" statements="5" coveredstatements="5" elements="10" coveredelements="10"/>
      </class>
      <line num="92" type="method" name="seller" visibility="public" complexity="1" crap="1" count="6"/>
      <line num="94" type="stmt" count="6"/>
      <line num="97" type="method" name="coverPhotos" visibility="public" complexity="1" crap="1" count="11"/>
      <line num="99" type="stmt" count="11"/>
      <line num="105" type="method" name="getProductUnitAttribute" visibility="public" complexity="1" crap="1" count="1"/>
      <line num="107" type="stmt" count="1"/>
      <line num="110" type="method" name="getCategoryAttribute" visibility="public" complexity="1" crap="1" count="11"/>
      <line num="112" type="stmt" count="11"/>
      <line num="115" type="method" name="getDiscountedPriceAttribute" visibility="public" complexity="1" crap="1" count="1"/>
      <line num="117" type="stmt" count="1"/>
      <metrics loc="121" ncloc="116" classes="1" methods="5" coveredmethods="5" conditionals="0" coveredconditionals="0" statements="5" coveredstatements="5" elements="10" coveredelements="10"/>
    </file>
    <file name="C:\Users\purch\Documents\Projects\Github\indic-amigo-akademi\krishi-mitra\app\Models\Seller.php">
      <class name="App\Models\Seller" namespace="global">
        <metrics complexity="2" methods="2" coveredmethods="2" conditionals="0" coveredconditionals="0" statements="2" coveredstatements="2" elements="4" coveredelements="4"/>
      </class>
      <line num="18" type="method" name="user" visibility="public" complexity="1" crap="1" count="1"/>
      <line num="20" type="stmt" count="1"/>
      <line num="23" type="method" name="products" visibility="public" complexity="1" crap="1" count="8"/>
      <line num="25" type="stmt" count="8"/>
      <metrics loc="28" ncloc="23" classes="1" methods="2" coveredmethods="2" conditionals="0" coveredconditionals="0" statements="2" coveredstatements="2" elements="4" coveredelements="4"/>
    </file>
    <file name="C:\Users\purch\Documents\Projects\Github\indic-amigo-akademi\krishi-mitra\app\Models\User.php">
      <class name="App\Models\User" namespace="global">
        <metrics complexity="8" methods="7" coveredmethods="6" conditionals="0" coveredconditionals="0" statements="7" coveredstatements="6" elements="14" coveredelements="12"/>
      </class>
      <line num="48" type="method" name="seller" visibility="public" complexity="1" crap="1" count="23"/>
      <line num="50" type="stmt" count="23"/>
      <line num="53" type="method" name="addresses" visibility="public" complexity="1" crap="1" count="20"/>
      <line num="55" type="stmt" count="20"/>
      <line num="58" type="method" name="carts" visibility="public" complexity="1" crap="2" count="0"/>
      <line num="60" type="stmt" count="0"/>
      <line num="63" type="method" name="orders" visibility="public" complexity="1" crap="1" count="1"/>
      <line num="65" type="stmt" count="1"/>
      <line num="68" type="method" name="getIsSysadminAttribute" visibility="public" complexity="1" crap="1" count="3"/>
      <line num="70" type="stmt" count="3"/>
      <line num="73" type="method" name="getIsAdminAttribute" visibility="public" complexity="2" crap="2" count="20"/>
      <line num="75" type="stmt" count="20"/>
      <line num="78" type="method" name="getIsSellerAttribute" visibility="public" complexity="1" crap="1" count="25"/>
      <line num="80" type="stmt" count="25"/>
      <metrics loc="83" ncloc="68" classes="1" methods="7" coveredmethods="6" conditionals="0" coveredconditionals="0" statements="7" coveredstatements="6" elements="14" coveredelements="12"/>
    </file>
    <file name="C:\Users\purch\Documents\Projects\Github\indic-amigo-akademi\krishi-mitra\app\Providers\AppServiceProvider.php">
      <class name="App\Providers\AppServiceProvider" namespace="global">
        <metrics complexity="2" methods="1" coveredmethods="1" conditionals="0" coveredconditionals="0" statements="1" coveredstatements="1" elements="2" coveredelements="2"/>
      </class>
      <line num="25" type="method" name="boot" visibility="public" complexity="1" crap="1" count="150"/>
      <line num="27" type="stmt" count="150"/>
      <metrics loc="30" ncloc="19" classes="1" methods="1" coveredmethods="1" conditionals="0" coveredconditionals="0" statements="1" coveredstatements="1" elements="2" coveredelements="2"/>
    </file>
    <file name="C:\Users\purch\Documents\Projects\Github\indic-amigo-akademi\krishi-mitra\app\Providers\AuthServiceProvider.php">
      <class name="App\Providers\AuthServiceProvider" namespace="global">
        <metrics complexity="1" methods="1" coveredmethods="1" conditionals="0" coveredconditionals="0" statements="1" coveredstatements="1" elements="2" coveredelements="2"/>
      </class>
      <line num="24" type="method" name="boot" visibility="public" complexity="1" crap="1" count="150"/>
      <line num="26" type="stmt" count="150"/>
      <metrics loc="31" ncloc="20" classes="1" methods="1" coveredmethods="1" conditionals="0" coveredconditionals="0" statements="1" coveredstatements="1" elements="2" coveredelements="2"/>
    </file>
    <file name="C:\Users\purch\Documents\Projects\Github\indic-amigo-akademi\krishi-mitra\app\Providers\BroadcastServiceProvider.php">
      <class name="App\Providers\BroadcastServiceProvider" namespace="global">
        <metrics complexity="1" methods="1" coveredmethods="0" conditionals="0" coveredconditionals="0" statements="2" coveredstatements="0" elements="3" coveredelements="0"/>
      </class>
      <line num="15" type="method" name="boot" visibility="public" complexity="1" crap="2" count="0"/>
      <line num="17" type="stmt" count="0"/>
      <line num="19" type="stmt" count="0"/>
      <metrics loc="22" ncloc="17" classes="1" methods="1" coveredmethods="0" conditionals="0" coveredconditionals="0" statements="2" coveredstatements="0" elements="3" coveredelements="0"/>
    </file>
    <file name="C:\Users\purch\Documents\Projects\Github\indic-amigo-akademi\krishi-mitra\app\Providers\EventServiceProvider.php">
      <class name="App\Providers\EventServiceProvider" namespace="global">
        <metrics complexity="1" methods="1" coveredmethods="1" conditionals="0" coveredconditionals="0" statements="1" coveredstatements="1" elements="2" coveredelements="2"/>
      </class>
      <line num="28" type="method" name="boot" visibility="public" complexity="1" crap="1" count="150"/>
      <line num="30" type="stmt" count="150"/>
      <metrics loc="35" ncloc="24" classes="1" methods="1" coveredmethods="1" conditionals="0" coveredconditionals="0" statements="1" coveredstatements="1" elements="2" coveredelements="2"/>
    </file>
    <file name="C:\Users\purch\Documents\Projects\Github\indic-amigo-akademi\krishi-mitra\app\Providers\RouteServiceProvider.php">
      <class name="App\Providers\RouteServiceProvider" namespace="global">
        <metrics complexity="4" methods="4" coveredmethods="4" conditionals="0" coveredconditionals="0" statements="10" coveredstatements="10" elements="14" coveredelements="14"/>
      </class>
      <line num="31" type="method" name="boot" visibility="public" complexity="1" crap="1" count="150"/>
      <line num="35" type="stmt" count="150"/>
      <line num="43" type="method" name="map" visibility="public" complexity="1" crap="1" count="150"/>
      <line num="45" type="stmt" count="150"/>
      <line num="47" type="stmt" count="150"/>
      <line num="59" type="method" name="mapWebRoutes" visibility="protected" complexity="1" crap="1" count="150"/>
      <line num="61" type="stmt" count="150"/>
      <line num="62" type="stmt" count="150"/>
      <line num="63" type="stmt" count="150"/>
      <line num="73" type="method" name="mapApiRoutes" visibility="protected" complexity="1" crap="1" count="150"/>
      <line num="75" type="stmt" count="150"/>
      <line num="76" type="stmt" count="150"/>
      <line num="77" type="stmt" count="150"/>
      <line num="78" type="stmt" count="150"/>
      <metrics loc="81" ncloc="43" classes="1" methods="4" coveredmethods="4" conditionals="0" coveredconditionals="0" statements="10" coveredstatements="10" elements="14" coveredelements="14"/>
    </file>
    <file name="C:\Users\purch\Documents\Projects\Github\indic-amigo-akademi\krishi-mitra\app\Rules\ValidEmail.php">
      <class name="App\Rules\ValidEmail" namespace="global">
        <metrics complexity="3" methods="2" coveredmethods="1" conditionals="0" coveredconditionals="0" statements="2" coveredstatements="1" elements="4" coveredelements="2"/>
      </class>
      <line num="26" type="method" name="passes" visibility="public" complexity="1" crap="1" count="3"/>
      <line num="30" type="stmt" count="3"/>
      <line num="38" type="method" name="message" visibility="public" complexity="1" crap="2" count="0"/>
      <line num="40" type="stmt" count="0"/>
      <metrics loc="43" ncloc="24" classes="1" methods="2" coveredmethods="1" conditionals="0" coveredconditionals="0" statements="2" coveredstatements="1" elements="4" coveredelements="2"/>
    </file>
    <file name="C:\Users\purch\Documents\Projects\Github\indic-amigo-akademi\krishi-mitra\app\Rules\ValidMobile.php">
      <class name="App\Rules\ValidMobile" namespace="global">
        <metrics complexity="3" methods="2" coveredmethods="0" conditionals="0" coveredconditionals="0" statements="2" coveredstatements="0" elements="4" coveredelements="0"/>
      </class>
      <line num="29" type="method" name="passes" visibility="public" complexity="1" crap="2" count="0"/>
      <line num="32" type="stmt" count="0"/>
      <line num="40" type="method" name="message" visibility="public" complexity="1" crap="2" count="0"/>
      <line num="42" type="stmt" count="0"/>
      <metrics loc="45" ncloc="23" classes="1" methods="2" coveredmethods="0" conditionals="0" coveredconditionals="0" statements="2" coveredstatements="0" elements="4" coveredelements="0"/>
    </file>
    <file name="C:\Users\purch\Documents\Projects\Github\indic-amigo-akademi\krishi-mitra\app\Rules\ValidName.php">
      <class name="App\Rules\ValidName" namespace="global">
        <metrics complexity="3" methods="2" coveredmethods="1" conditionals="0" coveredconditionals="0" statements="2" coveredstatements="1" elements="4" coveredelements="2"/>
      </class>
      <line num="26" type="method" name="passes" visibility="public" complexity="1" crap="1" count="4"/>
      <line num="30" type="stmt" count="4"/>
      <line num="38" type="method" name="message" visibility="public" complexity="1" crap="2" count="0"/>
      <line num="40" type="stmt" count="0"/>
      <metrics loc="43" ncloc="24" classes="1" methods="2" coveredmethods="1" conditionals="0" coveredconditionals="0" statements="2" coveredstatements="1" elements="4" coveredelements="2"/>
    </file>
    <file name="C:\Users\purch\Documents\Projects\Github\indic-amigo-akademi\krishi-mitra\app\Rules\ValidPassword.php">
      <class name="App\Rules\ValidPassword" namespace="global">
        <metrics complexity="3" methods="2" coveredmethods="1" conditionals="0" coveredconditionals="0" statements="2" coveredstatements="1" elements="4" coveredelements="2"/>
      </class>
      <line num="26" type="method" name="passes" visibility="public" complexity="1" crap="1" count="6"/>
      <line num="29" type="stmt" count="6"/>
      <line num="37" type="method" name="message" visibility="public" complexity="1" crap="2" count="0"/>
      <line num="39" type="stmt" count="0"/>
      <metrics loc="42" ncloc="23" classes="1" methods="2" coveredmethods="1" conditionals="0" coveredconditionals="0" statements="2" coveredstatements="1" elements="4" coveredelements="2"/>
    </file>
    <metrics files="46" loc="3162" ncloc="2423" classes="35" methods="120" coveredmethods="74" conditionals="0" coveredconditionals="0" statements="646" coveredstatements="285" elements="766" coveredelements="359"/>
  </project>
</coverage>
